Determining if the pthread_create exist failed with the following output:
Change Dir: /home/hjk/Desktop/zzw/cat/build/CMakeFiles/CMakeTmp

Run Build Command:"/usr/bin/make" "cmTC_ed4dc/fast"
/usr/bin/make -f CMakeFiles/cmTC_ed4dc.dir/build.make CMakeFiles/cmTC_ed4dc.dir/build
make[1]: Entering directory '/home/hjk/Desktop/zzw/cat/build/CMakeFiles/CMakeTmp'
Building C object CMakeFiles/cmTC_ed4dc.dir/CheckSymbolExists.c.o
/usr/bin/cc    -o CMakeFiles/cmTC_ed4dc.dir/CheckSymbolExists.c.o   -c /home/hjk/Desktop/zzw/cat/build/CMakeFiles/CMakeTmp/CheckSymbolExists.c
Linking C executable cmTC_ed4dc
/usr/bin/cmake -E cmake_link_script CMakeFiles/cmTC_ed4dc.dir/link.txt --verbose=1
/usr/bin/cc      -rdynamic CMakeFiles/cmTC_ed4dc.dir/CheckSymbolExists.c.o  -o cmTC_ed4dc 
CMakeFiles/cmTC_ed4dc.dir/CheckSymbolExists.c.o: In function `main':
CheckSymbolExists.c:(.text+0x1b): undefined reference to `pthread_create'
collect2: error: ld returned 1 exit status
CMakeFiles/cmTC_ed4dc.dir/build.make:97: recipe for target 'cmTC_ed4dc' failed
make[1]: *** [cmTC_ed4dc] Error 1
make[1]: Leaving directory '/home/hjk/Desktop/zzw/cat/build/CMakeFiles/CMakeTmp'
Makefile:126: recipe for target 'cmTC_ed4dc/fast' failed
make: *** [cmTC_ed4dc/fast] Error 2

File /home/hjk/Desktop/zzw/cat/build/CMakeFiles/CMakeTmp/CheckSymbolExists.c:
/* */
#include <pthread.h>

int main(int argc, char** argv)
{
  (void)argv;
#ifndef pthread_create
  return ((int*)(&pthread_create))[argc];
#else
  (void)argc;
  return 0;
#endif
}

Determining if the function pthread_create exists in the pthreads failed with the following output:
Change Dir: /home/hjk/Desktop/zzw/cat/build/CMakeFiles/CMakeTmp

Run Build Command:"/usr/bin/make" "cmTC_c096a/fast"
/usr/bin/make -f CMakeFiles/cmTC_c096a.dir/build.make CMakeFiles/cmTC_c096a.dir/build
make[1]: Entering directory '/home/hjk/Desktop/zzw/cat/build/CMakeFiles/CMakeTmp'
Building C object CMakeFiles/cmTC_c096a.dir/CheckFunctionExists.c.o
/usr/bin/cc   -DCHECK_FUNCTION_EXISTS=pthread_create   -o CMakeFiles/cmTC_c096a.dir/CheckFunctionExists.c.o   -c /usr/share/cmake-3.10/Modules/CheckFunctionExists.c
Linking C executable cmTC_c096a
/usr/bin/cmake -E cmake_link_script CMakeFiles/cmTC_c096a.dir/link.txt --verbose=1
/usr/bin/cc  -DCHECK_FUNCTION_EXISTS=pthread_create    -rdynamic CMakeFiles/cmTC_c096a.dir/CheckFunctionExists.c.o  -o cmTC_c096a -lpthreads 
/usr/bin/ld: cannot find -lpthreads
collect2: error: ld returned 1 exit status
CMakeFiles/cmTC_c096a.dir/build.make:97: recipe for target 'cmTC_c096a' failed
make[1]: *** [cmTC_c096a] Error 1
make[1]: Leaving directory '/home/hjk/Desktop/zzw/cat/build/CMakeFiles/CMakeTmp'
Makefile:126: recipe for target 'cmTC_c096a/fast' failed
make: *** [cmTC_c096a/fast] Error 2


